<?xml version="1.0" encoding="utf-8"?><testsuites><testsuite name="pytest" errors="0" failures="1" skipped="0" tests="17" time="0.205" timestamp="2024-12-24T08:22:57.159277-08:00" hostname="subhadipmitra-macbookpro2.roam.internal"><testcase classname="tests.test_builder" name="test_build_numeric_fields" time="0.001" /><testcase classname="tests.test_builder" name="test_build_alphanumeric_fields" time="0.000" /><testcase classname="tests.test_builder" name="test_build_bitmap" time="0.000" /><testcase classname="tests.test_builder" name="test_build_field" time="0.000" /><testcase classname="tests.test_builder" name="test_build_binary_fields" time="0.000" /><testcase classname="tests.test_builder" name="test_build_with_secondary_bitmap" time="0.000" /><testcase classname="tests.test_builder" name="test_build_network_specific" time="0.000" /><testcase classname="tests.test_builder" name="test_build_network_specific_fields" time="0.000" /><testcase classname="tests.test_builder" name="test_build_response_message" time="0.001" /><testcase classname="tests.test_builder" name="test_build_reversal_message" time="0.001" /><testcase classname="tests.test_builder" name="test_build_network_management_message" time="0.000" /><testcase classname="tests.test_builder" name="test_build_emv_data" time="0.000" /><testcase classname="tests.test_builder" name="test_build_field_validation_errors" time="0.000" /><testcase classname="tests.test_builder" name="test_build_error_handling" time="0.000" /><testcase classname="tests.test_builder" name="test_build_version_specific" time="0.000" /><testcase classname="tests.test_builder" name="test_message_recreation" time="0.001"><failure message="Failed: Message recreation test failed: Field 42 length mismatch: 13 != 15&#10;assert 13 == 15&#10; +  where 13 = len('MERCHANT12345')&#10; +  and   15 = FieldDefinition(field_type=&lt;FieldType.ALPHANUMERIC: 'an'&gt;, max_length=15, description='Card Acceptor ID Code', encoding='ascii', min_length=15, padding_char=' ', padding_direction='right').max_length">tests/test_builder.py:519: in test_message_recreation
    assert len(parsed_value) == field_def.max_length, \
E   AssertionError: Field 42 length mismatch: 13 != 15
E   assert 13 == 15
E    +  where 13 = len('MERCHANT12345')
E    +  and   15 = FieldDefinition(field_type=&lt;FieldType.ALPHANUMERIC: 'an'&gt;, max_length=15, description='Card Acceptor ID Code', encoding='ascii', min_length=15, padding_char=' ', padding_direction='right').max_length

During handling of the above exception, another exception occurred:
tests/test_builder.py:552: in test_message_recreation
    pytest.fail(f"Message recreation test failed: {str(e)}")
E   Failed: Message recreation test failed: Field 42 length mismatch: 13 != 15
E   assert 13 == 15
E    +  where 13 = len('MERCHANT12345')
E    +  and   15 = FieldDefinition(field_type=&lt;FieldType.ALPHANUMERIC: 'an'&gt;, max_length=15, description='Card Acceptor ID Code', encoding='ascii', min_length=15, padding_char=' ', padding_direction='right').max_length</failure></testcase><testcase classname="tests.test_builder" name="test_field_padding_handling" time="0.000" /></testsuite></testsuites>